<?xml version="1.0" encoding="UTF-8"?>
<testsuite xmlns:xsi="http://www.w3.org/2001/XMLSchema-instance" xsi:noNamespaceSchemaLocation="https://maven.apache.org/surefire/maven-surefire-plugin/xsd/surefire-test-report.xsd" version="3.0.2" name="com.example.backend.controller.ActivityControllerTest" time="0.373" tests="2" errors="0" skipped="0" failures="0">
  <properties>
[...]
</properties>
  <testcase name="create_validation_error" classname="com.example.backend.controller.ActivityControllerTest" time="0.113">
    <system-out><![CDATA[2025-08-09T17:32:46.313+01:00  INFO 39446 --- [backend] [           main] t.c.s.AnnotationConfigContextLoaderUtils : Could not detect default configuration classes for test class [com.example.backend.controller.ActivityControllerTest]: ActivityControllerTest does not declare any static, non-private, non-final, nested classes annotated with @Configuration.
2025-08-09T17:32:46.327+01:00  INFO 39446 --- [backend] [           main] .b.t.c.SpringBootTestContextBootstrapper : Found @SpringBootConfiguration com.example.backend.BackendApplication for test class com.example.backend.controller.ActivityControllerTest
2025-08-09T17:32:46.329+01:00  INFO 39446 --- [backend] [           main] o.s.b.d.r.RestartApplicationListener     : Restart disabled due to context in which it is running

  .   ____          _            __ _ _
 /\\ / ___'_ __ _ _(_)_ __  __ _ \ \ \ \
( ( )\___ | '_ | '_| | '_ \/ _` | \ \ \ \
 \\/  ___)| |_)| | | | | || (_| |  ) ) ) )
  '  |____| .__|_| |_|_| |_\__, | / / / /
 =========|_|==============|___/=/_/_/_/

 :: Spring Boot ::                (v3.5.4)

2025-08-09T17:32:46.344+01:00  INFO 39446 --- [backend] [           main] c.e.b.controller.ActivityControllerTest  : Starting ActivityControllerTest using Java 24.0.2 with PID 39446 (started by test in /Users/test/Documents/Projects/studay-case-humanoo/backend/backend)
2025-08-09T17:32:46.344+01:00  INFO 39446 --- [backend] [           main] c.e.b.controller.ActivityControllerTest  : No active profile set, falling back to 1 default profile: "default"
2025-08-09T17:32:46.512+01:00  INFO 39446 --- [backend] [           main] o.s.b.t.m.w.SpringBootMockServletContext : Initializing Spring TestDispatcherServlet ''
2025-08-09T17:32:46.512+01:00  INFO 39446 --- [backend] [           main] o.s.t.web.servlet.TestDispatcherServlet  : Initializing Servlet ''
2025-08-09T17:32:46.512+01:00  INFO 39446 --- [backend] [           main] o.s.t.web.servlet.TestDispatcherServlet  : Completed initialization in 0 ms
2025-08-09T17:32:46.519+01:00  INFO 39446 --- [backend] [           main] c.e.b.controller.ActivityControllerTest  : Started ActivityControllerTest in 0.19 seconds (process running for 3.477)
2025-08-09T17:32:46.629+01:00  WARN 39446 --- [backend] [           main] .w.s.m.s.DefaultHandlerExceptionResolver : Resolved [org.springframework.web.bind.MethodArgumentNotValidException: Validation failed for argument [0] in public com.example.backend.dto.ActivityResponse com.example.backend.controller.ActivityController.create(com.example.backend.dto.ActivityRequest) with 3 errors: [Field error in object 'activityRequest' on field 'title': rejected value []; codes [NotBlank.activityRequest.title,NotBlank.title,NotBlank.java.lang.String,NotBlank]; arguments [org.springframework.context.support.DefaultMessageSourceResolvable: codes [activityRequest.title,title]; arguments []; default message [title]]; default message [must not be blank]] [Field error in object 'activityRequest' on field 'durationMinutes': rejected value [0]; codes [Min.activityRequest.durationMinutes,Min.durationMinutes,Min.java.lang.Integer,Min]; arguments [org.springframework.context.support.DefaultMessageSourceResolvable: codes [activityRequest.durationMinutes,durationMinutes]; arguments []; default message [durationMinutes],1]; default message [must be greater than or equal to 1]] [Field error in object 'activityRequest' on field 'difficulty': rejected value [4]; codes [Max.activityRequest.difficulty,Max.difficulty,Max.java.lang.Integer,Max]; arguments [org.springframework.context.support.DefaultMessageSourceResolvable: codes [activityRequest.difficulty,difficulty]; arguments []; default message [difficulty],3]; default message [must be less than or equal to 3]] ]
]]></system-out>
  </testcase>
  <testcase name="list_ok" classname="com.example.backend.controller.ActivityControllerTest" time="0.048"/>
</testsuite>